<?xml version="1.0" encoding="UTF-8"?>
<!-- Generated by org.testng.reporters.JUnitReportReporter -->
<testsuite skipped="0" hostname="Home" name="com.promoapp.qa.testcases.LoginPageTest" tests="3" failures="0" timestamp="09 Jun 2020 03:44:25 GMT" time="13.005" errors="0">
  <testcase name="loginageTitleTest" time="0.272" classname="com.promoapp.qa.testcases.LoginPageTest"/>
  <testcase name="promoapplogo" time="2.353" classname="com.promoapp.qa.testcases.LoginPageTest"/>
  <testcase name="logintest" time="10.380" classname="com.promoapp.qa.testcases.LoginPageTest"/>
</testsuite> <!-- com.promoapp.qa.testcases.LoginPageTest -->
